c:\users\administrator\downloads\injector\injector\x64\release\vc143.pdb
c:\users\administrator\downloads\injector\injector\x64\release\protection.obj
c:\users\administrator\downloads\injector\injector\x64\release\check.obj
c:\users\administrator\downloads\injector\injector\x64\release\main.obj
c:\users\administrator\downloads\injector\injector\x64\release\utils.obj
c:\users\administrator\downloads\injector\injector\x64\release\service.obj
c:\users\administrator\downloads\injector\injector\x64\release\portable_executable.obj
c:\users\administrator\downloads\injector\injector\x64\release\kdsymbolshandler.obj
c:\users\administrator\downloads\injector\injector\x64\release\kdm_api.obj
c:\users\administrator\downloads\injector\injector\x64\release\kdmapper.obj
c:\users\administrator\downloads\injector\injector\x64\release\intel_driver.obj
c:\users\administrator\downloads\injector\injector\x64\release\inject.obj
c:\users\administrator\downloads\injector\injector\x64\release\driver.obj
c:\users\administrator\downloads\injector\injector\x64\release\compiler.obj
c:\users\administrator\downloads\injector\injector\x64\release\base64.obj
c:\users\administrator\downloads\injector\injector\x64\release\arc4.obj
c:\users\administrator\downloads\injector\injector\x64\release\aes.obj
c:\users\administrator\downloads\injector\x64\release\injector.exe
c:\users\administrator\downloads\injector\x64\release\injector.pdb
c:\users\administrator\downloads\injector\injector\x64\release\injector.ipdb
c:\users\administrator\downloads\injector\injector\x64\release\injector.iobj
c:\users\administrator\downloads\injector\injector\x64\release\injector.tlog\cl.command.1.tlog
c:\users\administrator\downloads\injector\injector\x64\release\injector.tlog\cl.items.tlog
c:\users\administrator\downloads\injector\injector\x64\release\injector.tlog\cl.read.1.tlog
c:\users\administrator\downloads\injector\injector\x64\release\injector.tlog\cl.write.1.tlog
c:\users\administrator\downloads\injector\injector\x64\release\injector.tlog\link.command.1.tlog
c:\users\administrator\downloads\injector\injector\x64\release\injector.tlog\link.read.1.tlog
c:\users\administrator\downloads\injector\injector\x64\release\injector.tlog\link.secondary.1.tlog
c:\users\administrator\downloads\injector\injector\x64\release\injector.tlog\link.write.1.tlog
