  Building 'driver' with toolset 'WindowsKernelModeDriver10.0' and the 'Universal' target platform.
  用于 x64 的 Microsoft (R) C/C++ 优化编译器 19.44.35217 版
  版权所有(C) Microsoft Corporation。保留所有权利。
  cl /c /I.\output\x64\Release\ /Zi /W4 /WX- /diagnostics:column /Ox /Oi /Ot /Oy- /D CODE_ANALYSIS /D _WIN64 /D _AMD64_ /D AMD64 /D _WIN32_WINNT=0x0A00 /D WINVER=0x0A00 /D WINNT=1 /D NTDDI_VERSION=0xA000010 /D KMDF_VERSION_MAJOR=1 /D KMDF_VERSION_MINOR=15 /GF /Gm- /Zp8 /GS- /guard:cf /Gy /fp:precise /Zc:wchar_t- /Zc:forScope /Zc:inline /GR- /Fx /FAcs /Fa".\output\x64\Release\\" /Fo".\output\x64\Release\\" /Fd".\output\x64\Release\vc143.pdb" /FR".\output\x64\Release\\" /external:W4 /Gz /TC /wd4603 /wd4627 /wd4986 /wd4987 /FI"C:\Program Files (x86)\Windows Kits\10\Include\10.0.26100.0\shared\warning.h" /analyze /analyze:projectdirectory"C:\Users\Administrator\Downloads\Injector\DriverKernel" /analyze:rulesetdirectory";C:\Program Files\Microsoft Visual Studio\2022\Enterprise\Team Tools\Static Analysis Tools\\Rule Sets;" /analyze:ruleset"C:\Program Files\Microsoft Visual Studio\2022\Enterprise\Team Tools\Static Analysis Tools\Rule Sets\AllRules.ruleset" /analyze:quiet /analyze:stacksize1024 /analyze:plugin"C:\Program Files\Microsoft Visual Studio\2022\Enterprise\VC\Tools\MSVC\14.44.35207\bin\HostX64\x64\EspXEngine.dll" /analyze:plugin"C:\Program Files (x86)\Windows Kits\10\bin\10.0.26100.0\x64\WindowsPrefast.dll" /analyze:plugin"C:\Program Files (x86)\Windows Kits\10\bin\10.0.26100.0\x64\drivers.dll" /FC /errorReport:prompt /kernel -cbstring -d2epilogunwind  /d1nodatetime /d1import_no_registry /d2AllowCompatibleILVersions /d2Zi+ main.c
  main.c
C:\Users\Administrator\Downloads\Injector\DriverKernel\definitions.h(87,4): warning C4201: 使用了非标准扩展: 无名称的结构/联合
  (编译源文件“main.c”)
  
C:\Users\Administrator\Downloads\Injector\DriverKernel\definitions.h(88,3): warning C4201: 使用了非标准扩展: 无名称的结构/联合
  (编译源文件“main.c”)
  
C:\Users\Administrator\Downloads\Injector\DriverKernel\definitions.h(93,3): warning C4201: 使用了非标准扩展: 无名称的结构/联合
  (编译源文件“main.c”)
  
C:\Users\Administrator\Downloads\Injector\DriverKernel\definitions.h(163,3): warning C4201: 使用了非标准扩展: 无名称的结构/联合
  (编译源文件“main.c”)
  
C:\Users\Administrator\Downloads\Injector\DriverKernel\definitions.h(240,10): warning C4273: “ZwAllocateVirtualMemory”: dll 链接不一致
  (编译源文件“main.c”)
      C:\Program Files (x86)\Windows Kits\10\Include\10.0.26100.0\km\ntifs.h(31398,1):
      参见“ZwAllocateVirtualMemory”的前一个定义
  
C:\Users\Administrator\Downloads\Injector\DriverKernel\main.c(18,54): warning C4100: 'path': 未引用的参数
C:\Users\Administrator\Downloads\Injector\DriverKernel\main.c(36,61): warning C4100: 'path': 未引用的参数
C:\Users\Administrator\Downloads\Injector\DriverKernel\main.c(36,37): warning C4100: 'driver': 未引用的参数
C:\Users\Administrator\Downloads\Injector\DriverKernel\main.c(37,18): warning C4101: “status”: 未引用的局部变量
C:\Users\Administrator\Downloads\Injector\DriverKernel\main.c(53,42): warning C4022: “PsLookupProcessByProcessId”: 指针与实参 1 不匹配
C:\Users\Administrator\Downloads\Injector\DriverKernel\main.c(57,58): warning C4047: “函数”:“PVOID *”与“ULONGLONG *”的间接级别不同
C:\Users\Administrator\Downloads\Injector\DriverKernel\main.c(57,58): warning C4022: “ZwAllocateVirtualMemory”: 指针与实参 2 不匹配
C:\Users\Administrator\Downloads\Injector\DriverKernel\main.c(68,42): warning C4022: “PsLookupProcessByProcessId”: 指针与实参 1 不匹配
C:\Users\Administrator\Downloads\Injector\DriverKernel\main.c(73,57): warning C4047: “函数”:“PVOID *”与“ULONGLONG *”的间接级别不同
C:\Users\Administrator\Downloads\Injector\DriverKernel\main.c(73,57): warning C4022: “ZwProtectVirtualMemory”: 指针与实参 2 不匹配
C:\Users\Administrator\Downloads\Injector\DriverKernel\main.c(84,42): warning C4022: “PsLookupProcessByProcessId”: 指针与实参 1 不匹配
C:\Users\Administrator\Downloads\Injector\DriverKernel\main.c(86,64): warning C4022: “copy_memory”: 指针与实参 3 不匹配
C:\Users\Administrator\Downloads\Injector\DriverKernel\main.c(86,73): warning C4022: “copy_memory”: 指针与实参 4 不匹配
C:\Users\Administrator\Downloads\Injector\DriverKernel\main.c(95,42): warning C4022: “PsLookupProcessByProcessId”: 指针与实参 1 不匹配
C:\Users\Administrator\Downloads\Injector\DriverKernel\main.c(97,64): warning C4022: “copy_memory”: 指针与实参 3 不匹配
C:\Users\Administrator\Downloads\Injector\DriverKernel\main.c(97,73): warning C4022: “copy_memory”: 指针与实参 4 不匹配
C:\Users\Administrator\Downloads\Injector\DriverKernel\main.c(43,43): warning C4100: 'device': 未引用的参数
C:\Users\Administrator\Downloads\Injector\DriverKernel\main.c(129,38): warning C4100: 'device': 未引用的参数
C:\Users\Administrator\Downloads\Injector\DriverKernel\main.c(136,37): warning C4100: 'device': 未引用的参数
C:\Users\Administrator\Downloads\Injector\DriverKernel\main.c(145,78): warning C4047: “函数”:“PSIZE_T”与“PSIZE_T *”的间接级别不同
C:\Users\Administrator\Downloads\Injector\DriverKernel\main.c(145,78): warning C4024: “MmCopyVirtualMemory”: 形参和实参 7 的类型不同
C:\Users\Administrator\Downloads\Injector\DriverKernel\main.c(171,9): warning C4047: “=”:“ULONGLONG”与“PVOID”的间接级别不同
C:\Users\Administrator\Downloads\Injector\DriverKernel\main.c(127,1): warning C4716: “unload_driver”: 必须返回一个值
  Microsoft (R) Incremental Linker Version 14.44.35217.0
  Copyright (C) Microsoft Corporation.  All rights reserved.
  "/OUT:.\output\x64\Release\driver.sys" "/VERSION:10.0" /INCREMENTAL:NO /WX "/SECTION:INIT,d" "C:\Program Files (x86)\Windows Kits\10\lib\10.0.26100.0\km\x64\BufferOverflowFastFailK.lib" "C:\Program Files (x86)\Windows Kits\10\lib\10.0.26100.0\km\x64\ntoskrnl.lib" "C:\Program Files (x86)\Windows Kits\10\lib\10.0.26100.0\km\x64\hal.lib" "C:\Program Files (x86)\Windows Kits\10\lib\10.0.26100.0\km\x64\wmilib.lib" "C:\Program Files (x86)\Windows Kits\10\lib\wdf\kmdf\x64\1.15\WdfLdr.lib" "C:\Program Files (x86)\Windows Kits\10\lib\wdf\kmdf\x64\1.15\WdfDriverEntry.lib" /NODEFAULTLIB /MANIFEST:NO "/PDB:.\output\x64\Release\driver.pdb" /MAP /MAPINFO:EXPORTS "/SUBSYSTEM:NATIVE,10.00" /LARGEADDRESSAWARE /Driver /OPT:REF /OPT:ICF "/ENTRY:DriverEntry" /RELEASE /DYNAMICBASE /NXCOMPAT "/IMPLIB:.\output\x64\Release\driver.lib" "/MERGE:_TEXT=.text;_PAGE=PAGE" /MACHINE:X64 /guard:cf /kernel /IGNORE:4198,4010,4037,4039,4065,4070,4078,4087,4089,4221,4108,4088,4218,4218,4235 /osversion:10.0 /pdbcompress /debugtype:pdata .\output\x64\Release\main.obj 
  driver.vcxproj -> C:\Users\Administrator\Downloads\Injector\DriverKernel\output\x64\Release\driver.sys
  Driver is 'Universal'.
  Inf2Cat task was skipped as there were no inf files to process
  
  DrvCat task was skipped as there was no catalog file to process
  
C:\Program Files (x86)\Windows Kits\10\Include\10.0.26100.0\km\wdm.h(45523): warning BK4504: 文件包含的引用太多；忽略来自此源的进一步引用
C:\Users\Administrator\Downloads\Injector\DriverKernel\definitions.h(225): warning C28251: “PsLookupProcessByProcessId”的批注不一致: 此实例包含 无批注。请参见 c:\program files (x86)\windows kits\10\include\10.0.26100.0\km\ntifs.h(19684)。
C:\Users\Administrator\Downloads\Injector\DriverKernel\definitions.h(240): warning C28252: 'ZwAllocateVirtualMemory' 的注释不一致: 返回/功能 在上一实例中包含 'SAL_post SAL_mustInspect SAL_post SAL_checkReturn SAL_pre SAL_maxIRQL(0) SAL_when(return==0) SAL_post SAL_NeedsRelease(__yes)'。查看 c:\program files (x86)\windows kits\10\include\10.0.26100.0\km\ntifs.h(31398)。
C:\Users\Administrator\Downloads\Injector\DriverKernel\main.c(18): warning C28101: This function appears to be an unannotated DriverEntry function:  DriverEntry functions should be declared using the DRIVER_INITIALIZE function typedef.
C:\Users\Administrator\Downloads\Injector\DriverKernel\main.c(25): warning C28023: 要分配或传递的函数应具有针对“DRIVER_DISPATCH”中的至少一个类的 _Function_class_ 注释。通常，仅在使用一个函数类的情况下，不将回调声明为适当类型会导致出现此情况。对函数的第一个声明添加前缀“<函数类名> io_device_control”可修复此问题。<函数类名>应为上面列出的函数类之一。
C:\Users\Administrator\Downloads\Injector\DriverKernel\main.c(25): warning C28169: The dispatch function 'io_device_control' does not have any _Dispatch_type_ annotations:  This can be corrected by adding appropriate _Dispatch_type_ annotations to the function. Unnecessary casts can cause this warning.
C:\Users\Administrator\Downloads\Injector\DriverKernel\main.c(26): warning C28023: 要分配或传递的函数应具有针对“DRIVER_DISPATCH”中的至少一个类的 _Function_class_ 注释。通常，仅在使用一个函数类的情况下，不将回调声明为适当类型会导致出现此情况。对函数的第一个声明添加前缀“<函数类名> ioctl_create”可修复此问题。<函数类名>应为上面列出的函数类之一。
C:\Users\Administrator\Downloads\Injector\DriverKernel\main.c(26): warning C28169: The dispatch function 'ioctl_create' does not have any _Dispatch_type_ annotations:  This can be corrected by adding appropriate _Dispatch_type_ annotations to the function. Unnecessary casts can cause this warning.
C:\Users\Administrator\Downloads\Injector\DriverKernel\main.c(27): warning C28023: 要分配或传递的函数应具有针对“DRIVER_DISPATCH”中的至少一个类的 _Function_class_ 注释。通常，仅在使用一个函数类的情况下，不将回调声明为适当类型会导致出现此情况。对函数的第一个声明添加前缀“<函数类名> ioctl_close”可修复此问题。<函数类名>应为上面列出的函数类之一。
C:\Users\Administrator\Downloads\Injector\DriverKernel\main.c(27): warning C28169: The dispatch function 'ioctl_close' does not have any _Dispatch_type_ annotations:  This can be corrected by adding appropriate _Dispatch_type_ annotations to the function. Unnecessary casts can cause this warning.
C:\Users\Administrator\Downloads\Injector\DriverKernel\main.c(28): warning C28023: 要分配或传递的函数应具有针对“DRIVER_UNLOAD”中的至少一个类的 _Function_class_ 注释。通常，仅在使用一个函数类的情况下，不将回调声明为适当类型会导致出现此情况。对函数的第一个声明添加前缀“<函数类名> unload_driver”可修复此问题。<函数类名>应为上面列出的函数类之一。
C:\Users\Administrator\Downloads\Injector\DriverKernel\main.c(30): warning C6011: 取消对 NULL 指针“driver_object”的引用。
C:\Users\Administrator\Downloads\Injector\DriverKernel\main.c(36): warning C28101: This function appears to be an unannotated DriverEntry function:  DriverEntry functions should be declared using the DRIVER_INITIALIZE function typedef.
C:\Users\Administrator\Downloads\Injector\DriverKernel\main.c(40): warning C28023: 要分配或传递的函数应具有针对“DRIVER_INITIALIZE”中的至少一个类的 _Function_class_ 注释。通常，仅在使用一个函数类的情况下，不将回调声明为适当类型会导致出现此情况。对函数的第一个声明添加前缀“<函数类名> init”可修复此问题。<函数类名>应为上面列出的函数类之一。
